<?xml version="1.0" encoding="UTF-8"?>
<!-- Generated by org.testng.reporters.JUnitReportReporter -->
<testsuite hostname="DESKTOP-CR65LGQ" failures="0" tests="1" name="demo.DemoTest2" time="0.014" errors="0" timestamp="2023-01-06T22:50:49 IST" skipped="0">
  <testcase classname="demo.DemoTest2" name="m2" time="0.014"/>
  <system-out>
    <![CDATA[m2 Running]]>
  </system-out>
</testsuite> <!-- demo.DemoTest2 -->
